2022-10-13 17:17:50,189 [Worker-5: Loading available Gradle versions] INFO  o.e.b.c.i.u.g.PublishedGradleVersions - Gradle version information cache is out-of-date. Trying to update.
2022-10-13 17:18:23,910 [Worker-5: Importing Maven projects] INFO  o.e.m.c.i.l.LifecycleMappingFactory - Using org.eclipse.m2e.jdt.JarLifecycleMapping lifecycle mapping for MavenProject: com.empower.hrms:demo-project:0.0.1-SNAPSHOT @ D:\Jag\Empower\hrms\demo-project\pom.xml.
2022-10-13 17:18:29,980 [Worker-5: Importing Maven projects] INFO  o.e.m.j.i.AbstractJavaProjectConfigurator - Adding source folder /demo-project/src/main/java
2022-10-13 17:18:29,981 [Worker-5: Importing Maven projects] INFO  o.e.m.j.i.AbstractJavaProjectConfigurator - Adding resource folder /demo-project/src/main/resources
2022-10-13 17:18:29,988 [Worker-5: Importing Maven projects] INFO  o.e.m.j.i.AbstractJavaProjectConfigurator - Adding resource folder /demo-project/src/main/resources
2022-10-13 17:18:30,004 [Worker-5: Importing Maven projects] INFO  o.e.m.j.i.AbstractJavaProjectConfigurator - Adding source folder /demo-project/src/test/java
2022-10-13 17:18:32,816 [Worker-5: Importing Maven projects] INFO  o.e.m.c.i.p.ProjectConfigurationManager - Imported and configured 1 project(s) in 16 sec
2022-10-13 17:18:33,477 [Worker-6: Auto share git projects] WARN  org.eclipse.jgit.util.FS - C:\Program Files\Git\etc\.probe-2215db25-836e-4426-8de6-04547e1e9728
java.nio.file.AccessDeniedException: C:\Program Files\Git\etc\.probe-2215db25-836e-4426-8de6-04547e1e9728
	at sun.nio.fs.WindowsException.translateToIOException(Unknown Source)
	at sun.nio.fs.WindowsException.rethrowAsIOException(Unknown Source)
	at sun.nio.fs.WindowsException.rethrowAsIOException(Unknown Source)
	at sun.nio.fs.WindowsFileSystemProvider.newByteChannel(Unknown Source)
	at java.nio.file.Files.newByteChannel(Unknown Source)
	at java.nio.file.Files.createFile(Unknown Source)
	at org.eclipse.jgit.util.FS$FileStoreAttributeCache.<init>(FS.java:234)
	at org.eclipse.jgit.util.FS$FileStoreAttributeCache.getFsTimestampResolution(FS.java:211)
	at org.eclipse.jgit.util.FS.getFsTimerResolution(FS.java:321)
	at org.eclipse.jgit.internal.storage.file.FileSnapshot.<init>(FileSnapshot.java:186)
	at org.eclipse.jgit.internal.storage.file.FileSnapshot.save(FileSnapshot.java:122)
	at org.eclipse.jgit.storage.file.FileBasedConfig.load(FileBasedConfig.java:156)
	at org.eclipse.jgit.internal.storage.file.FileRepository.loadSystemConfig(FileRepository.java:245)
	at org.eclipse.jgit.internal.storage.file.FileRepository.<init>(FileRepository.java:203)
	at org.eclipse.jgit.storage.file.FileRepositoryBuilder.build(FileRepositoryBuilder.java:88)
	at org.eclipse.jgit.storage.file.FileRepositoryBuilder.create(FileRepositoryBuilder.java:108)
	at org.eclipse.egit.core.RepositoryCache.lookupRepository(RepositoryCache.java:58)
	at org.eclipse.egit.core.project.GitProjectData.map(GitProjectData.java:693)
	at org.eclipse.egit.core.project.GitProjectData.remapAll(GitProjectData.java:651)
	at org.eclipse.egit.core.project.GitProjectData.setRepositoryMappings(GitProjectData.java:465)
	at org.eclipse.egit.core.op.ConnectProviderOperation.connectProject(ConnectProviderOperation.java:153)
	at org.eclipse.egit.core.op.ConnectProviderOperation.execute(ConnectProviderOperation.java:111)
	at org.eclipse.egit.core.internal.job.JobUtil$1.run(JobUtil.java:55)
	at org.eclipse.core.internal.jobs.Worker.run(Worker.java:63)
2022-10-13 17:18:35,260 [Worker-3: Building workspace] INFO  o.e.m.c.i.embedder.EclipseLogger - Using 'UTF-8' encoding to copy filtered resources.
2022-10-13 17:18:35,261 [Worker-3: Building workspace] INFO  o.e.m.c.i.embedder.EclipseLogger - Using 'UTF-8' encoding to copy filtered properties files.
2022-10-13 17:18:35,265 [Worker-3: Building workspace] INFO  o.e.m.c.i.embedder.EclipseLogger - Copying 1 resource
2022-10-13 17:18:35,280 [Worker-3: Building workspace] INFO  o.e.m.c.i.embedder.EclipseLogger - Copying 0 resource
2022-10-13 17:18:35,283 [Worker-3: Building workspace] INFO  o.e.m.c.i.embedder.EclipseLogger - Using 'UTF-8' encoding to copy filtered resources.
2022-10-13 17:18:35,283 [Worker-3: Building workspace] INFO  o.e.m.c.i.embedder.EclipseLogger - Using 'UTF-8' encoding to copy filtered properties files.
2022-10-13 17:18:35,283 [Worker-3: Building workspace] INFO  o.e.m.c.i.embedder.EclipseLogger - skip non existing resourceDirectory D:\Jag\Empower\hrms\demo-project\src\test\resources
2022-10-13 17:18:53,811 [Worker-9: Building workspace] INFO  o.e.m.c.i.embedder.EclipseLogger - Using 'UTF-8' encoding to copy filtered resources.
2022-10-13 17:18:53,811 [Worker-9: Building workspace] INFO  o.e.m.c.i.embedder.EclipseLogger - Using 'UTF-8' encoding to copy filtered properties files.
2022-10-13 17:18:53,812 [Worker-9: Building workspace] INFO  o.e.m.c.i.embedder.EclipseLogger - Copying 0 resource
2022-10-13 17:18:53,812 [Worker-9: Building workspace] INFO  o.e.m.c.i.embedder.EclipseLogger - Copying 0 resource
2022-10-13 17:18:53,813 [Worker-9: Building workspace] INFO  o.e.m.c.i.embedder.EclipseLogger - Using 'UTF-8' encoding to copy filtered resources.
2022-10-13 17:18:53,813 [Worker-9: Building workspace] INFO  o.e.m.c.i.embedder.EclipseLogger - Using 'UTF-8' encoding to copy filtered properties files.
2022-10-13 17:18:53,813 [Worker-9: Building workspace] INFO  o.e.m.c.i.embedder.EclipseLogger - skip non existing resourceDirectory D:\Jag\Empower\hrms\demo-project\src\test\resources
2022-10-13 18:18:25,753 [Worker-16: Building workspace] INFO  o.e.m.c.i.embedder.EclipseLogger - Using 'UTF-8' encoding to copy filtered resources.
2022-10-13 18:18:25,768 [Worker-16: Building workspace] INFO  o.e.m.c.i.embedder.EclipseLogger - Using 'UTF-8' encoding to copy filtered properties files.
2022-10-13 18:18:25,772 [Worker-16: Building workspace] INFO  o.e.m.c.i.embedder.EclipseLogger - Copying 1 resource
2022-10-13 18:18:25,800 [Worker-16: Building workspace] INFO  o.e.m.c.i.embedder.EclipseLogger - Copying 0 resource
2022-10-13 18:18:25,803 [Worker-16: Building workspace] INFO  o.e.m.c.i.embedder.EclipseLogger - Using 'UTF-8' encoding to copy filtered resources.
2022-10-13 18:18:25,803 [Worker-16: Building workspace] INFO  o.e.m.c.i.embedder.EclipseLogger - Using 'UTF-8' encoding to copy filtered properties files.
2022-10-13 18:18:25,803 [Worker-16: Building workspace] INFO  o.e.m.c.i.embedder.EclipseLogger - skip non existing resourceDirectory D:\Jag\Empower\hrms\demo-project\src\test\resources
2022-10-13 18:19:09,567 [Worker-18: Building workspace] INFO  o.e.m.c.i.embedder.EclipseLogger - Using 'UTF-8' encoding to copy filtered resources.
2022-10-13 18:19:09,567 [Worker-18: Building workspace] INFO  o.e.m.c.i.embedder.EclipseLogger - Using 'UTF-8' encoding to copy filtered properties files.
2022-10-13 18:19:09,568 [Worker-18: Building workspace] INFO  o.e.m.c.i.embedder.EclipseLogger - Copying 1 resource
2022-10-13 18:19:09,593 [Worker-18: Building workspace] INFO  o.e.m.c.i.embedder.EclipseLogger - Copying 0 resource
2022-10-13 18:19:09,597 [Worker-18: Building workspace] INFO  o.e.m.c.i.embedder.EclipseLogger - Using 'UTF-8' encoding to copy filtered resources.
2022-10-13 18:19:09,597 [Worker-18: Building workspace] INFO  o.e.m.c.i.embedder.EclipseLogger - Using 'UTF-8' encoding to copy filtered properties files.
2022-10-13 18:19:09,597 [Worker-18: Building workspace] INFO  o.e.m.c.i.embedder.EclipseLogger - skip non existing resourceDirectory D:\Jag\Empower\hrms\demo-project\src\test\resources
2022-10-13 20:01:57,792 [Worker-0: Building workspace] INFO  o.e.m.c.i.embedder.EclipseLogger - Using 'UTF-8' encoding to copy filtered resources.
2022-10-13 20:01:57,793 [Worker-0: Building workspace] INFO  o.e.m.c.i.embedder.EclipseLogger - Using 'UTF-8' encoding to copy filtered properties files.
2022-10-13 20:01:57,797 [Worker-0: Building workspace] INFO  o.e.m.c.i.embedder.EclipseLogger - Copying 1 resource
2022-10-13 20:01:57,890 [Worker-0: Building workspace] INFO  o.e.m.c.i.embedder.EclipseLogger - Copying 0 resource
2022-10-13 20:01:57,894 [Worker-0: Building workspace] INFO  o.e.m.c.i.embedder.EclipseLogger - Using 'UTF-8' encoding to copy filtered resources.
2022-10-13 20:01:57,894 [Worker-0: Building workspace] INFO  o.e.m.c.i.embedder.EclipseLogger - Using 'UTF-8' encoding to copy filtered properties files.
2022-10-13 20:01:57,894 [Worker-0: Building workspace] INFO  o.e.m.c.i.embedder.EclipseLogger - skip non existing resourceDirectory D:\Jag\Empower\hrms\demo-project\src\test\resources
